{"/Users/lulu/Documents/GitHub/travel-bug/travel_bug/app/App.js": {"path":"/Users/lulu/Documents/GitHub/travel-bug/travel_bug/app/App.js","statementMap":{"0":{"start":{"line":4,"column":12},"end":{"line":6,"column":1}},"1":{"start":{"line":5,"column":2},"end":{"line":5,"column":20}}},"fnMap":{"0":{"name":"(anonymous_0)","decl":{"start":{"line":4,"column":12},"end":{"line":4,"column":13}},"loc":{"start":{"line":4,"column":18},"end":{"line":6,"column":1}},"line":4}},"branchMap":{},"s":{"0":1,"1":1},"f":{"0":1},"b":{},"_coverageSchema":"1a1c01bbd47fc00a2c39e90264f33305004495a9","hash":"1ed317cd6f7f98a7fda122c828e5cae4f1d14f80"}
,"/Users/lulu/Documents/GitHub/travel-bug/travel_bug/app/Routes.js": {"path":"/Users/lulu/Documents/GitHub/travel-bug/travel_bug/app/Routes.js","statementMap":{"0":{"start":{"line":13,"column":14},"end":{"line":13,"column":36}},"1":{"start":{"line":31,"column":15},"end":{"line":54,"column":1}},"2":{"start":{"line":32,"column":2},"end":{"line":53,"column":4}},"3":{"start":{"line":43,"column":10},"end":{"line":43,"column":18}},"4":{"start":{"line":49,"column":10},"end":{"line":49,"column":42}},"5":{"start":{"line":56,"column":17},"end":{"line":73,"column":1}},"6":{"start":{"line":57,"column":2},"end":{"line":72,"column":4}},"7":{"start":{"line":68,"column":10},"end":{"line":68,"column":39}},"8":{"start":{"line":75,"column":15},"end":{"line":124,"column":1}},"9":{"start":{"line":76,"column":32},"end":{"line":76,"column":46}},"10":{"start":{"line":77,"column":26},"end":{"line":77,"column":40}},"11":{"start":{"line":79,"column":2},"end":{"line":92,"column":9}},"12":{"start":{"line":81,"column":4},"end":{"line":91,"column":9}},"13":{"start":{"line":83,"column":8},"end":{"line":86,"column":9}},"14":{"start":{"line":85,"column":10},"end":{"line":85,"column":18}},"15":{"start":{"line":87,"column":8},"end":{"line":87,"column":26}},"16":{"start":{"line":90,"column":8},"end":{"line":90,"column":25}},"17":{"start":{"line":94,"column":2},"end":{"line":105,"column":3}},"18":{"start":{"line":95,"column":4},"end":{"line":104,"column":6}},"19":{"start":{"line":107,"column":2},"end":{"line":123,"column":4}}},"fnMap":{"0":{"name":"(anonymous_0)","decl":{"start":{"line":31,"column":15},"end":{"line":31,"column":16}},"loc":{"start":{"line":31,"column":33},"end":{"line":54,"column":1}},"line":31},"1":{"name":"(anonymous_1)","decl":{"start":{"line":42,"column":17},"end":{"line":42,"column":18}},"loc":{"start":{"line":42,"column":23},"end":{"line":44,"column":9}},"line":42},"2":{"name":"(anonymous_2)","decl":{"start":{"line":48,"column":17},"end":{"line":48,"column":18}},"loc":{"start":{"line":48,"column":23},"end":{"line":50,"column":9}},"line":48},"3":{"name":"(anonymous_3)","decl":{"start":{"line":56,"column":17},"end":{"line":56,"column":18}},"loc":{"start":{"line":56,"column":35},"end":{"line":73,"column":1}},"line":56},"4":{"name":"(anonymous_4)","decl":{"start":{"line":67,"column":17},"end":{"line":67,"column":18}},"loc":{"start":{"line":67,"column":23},"end":{"line":69,"column":9}},"line":67},"5":{"name":"(anonymous_5)","decl":{"start":{"line":75,"column":15},"end":{"line":75,"column":16}},"loc":{"start":{"line":75,"column":23},"end":{"line":124,"column":1}},"line":75},"6":{"name":"(anonymous_6)","decl":{"start":{"line":79,"column":12},"end":{"line":79,"column":13}},"loc":{"start":{"line":79,"column":18},"end":{"line":92,"column":3}},"line":79},"7":{"name":"(anonymous_7)","decl":{"start":{"line":82,"column":12},"end":{"line":82,"column":13}},"loc":{"start":{"line":82,"column":26},"end":{"line":88,"column":7}},"line":82},"8":{"name":"(anonymous_8)","decl":{"start":{"line":89,"column":13},"end":{"line":89,"column":14}},"loc":{"start":{"line":89,"column":20},"end":{"line":91,"column":7}},"line":89}},"branchMap":{"0":{"loc":{"start":{"line":83,"column":8},"end":{"line":86,"column":9}},"type":"if","locations":[{"start":{"line":83,"column":8},"end":{"line":86,"column":9}},{"start":{"line":83,"column":8},"end":{"line":86,"column":9}}],"line":83},"1":{"loc":{"start":{"line":94,"column":2},"end":{"line":105,"column":3}},"type":"if","locations":[{"start":{"line":94,"column":2},"end":{"line":105,"column":3}},{"start":{"line":94,"column":2},"end":{"line":105,"column":3}}],"line":94}},"s":{"0":1,"1":1,"2":0,"3":0,"4":0,"5":1,"6":0,"7":0,"8":1,"9":1,"10":1,"11":1,"12":0,"13":0,"14":0,"15":0,"16":0,"17":1,"18":1,"19":0},"f":{"0":0,"1":0,"2":0,"3":0,"4":0,"5":1,"6":0,"7":0,"8":0},"b":{"0":[0,0],"1":[1,0]},"_coverageSchema":"1a1c01bbd47fc00a2c39e90264f33305004495a9","hash":"24db61f2c493f32c9bf6a8f7be6c6e0b6f907c31"}
,"/Users/lulu/Documents/GitHub/travel-bug/travel_bug/app/screens/AppTabs.js": {"path":"/Users/lulu/Documents/GitHub/travel-bug/travel_bug/app/screens/AppTabs.js","statementMap":{"0":{"start":{"line":12,"column":13},"end":{"line":12,"column":39}},"1":{"start":{"line":16,"column":16},"end":{"line":71,"column":1}},"2":{"start":{"line":17,"column":2},"end":{"line":70,"column":4}},"3":{"start":{"line":20,"column":35},"end":{"line":64,"column":7}},"4":{"start":{"line":22,"column":10},"end":{"line":62,"column":11}},"5":{"start":{"line":23,"column":12},"end":{"line":31,"column":14}},"6":{"start":{"line":32,"column":17},"end":{"line":62,"column":11}},"7":{"start":{"line":33,"column":12},"end":{"line":41,"column":14}},"8":{"start":{"line":42,"column":17},"end":{"line":62,"column":11}},"9":{"start":{"line":43,"column":12},"end":{"line":51,"column":14}},"10":{"start":{"line":52,"column":17},"end":{"line":62,"column":11}},"11":{"start":{"line":53,"column":12},"end":{"line":61,"column":14}},"12":{"start":{"line":73,"column":15},"end":{"line":86,"column":2}}},"fnMap":{"0":{"name":"(anonymous_0)","decl":{"start":{"line":16,"column":16},"end":{"line":16,"column":17}},"loc":{"start":{"line":16,"column":34},"end":{"line":71,"column":1}},"line":16},"1":{"name":"(anonymous_1)","decl":{"start":{"line":20,"column":21},"end":{"line":20,"column":22}},"loc":{"start":{"line":20,"column":35},"end":{"line":64,"column":7}},"line":20},"2":{"name":"(anonymous_2)","decl":{"start":{"line":21,"column":20},"end":{"line":21,"column":21}},"loc":{"start":{"line":21,"column":65},"end":{"line":63,"column":9}},"line":21}},"branchMap":{"0":{"loc":{"start":{"line":22,"column":10},"end":{"line":62,"column":11}},"type":"if","locations":[{"start":{"line":22,"column":10},"end":{"line":62,"column":11}},{"start":{"line":22,"column":10},"end":{"line":62,"column":11}}],"line":22},"1":{"loc":{"start":{"line":32,"column":17},"end":{"line":62,"column":11}},"type":"if","locations":[{"start":{"line":32,"column":17},"end":{"line":62,"column":11}},{"start":{"line":32,"column":17},"end":{"line":62,"column":11}}],"line":32},"2":{"loc":{"start":{"line":42,"column":17},"end":{"line":62,"column":11}},"type":"if","locations":[{"start":{"line":42,"column":17},"end":{"line":62,"column":11}},{"start":{"line":42,"column":17},"end":{"line":62,"column":11}}],"line":42},"3":{"loc":{"start":{"line":52,"column":17},"end":{"line":62,"column":11}},"type":"if","locations":[{"start":{"line":52,"column":17},"end":{"line":62,"column":11}},{"start":{"line":52,"column":17},"end":{"line":62,"column":11}}],"line":52}},"s":{"0":1,"1":1,"2":0,"3":0,"4":0,"5":0,"6":0,"7":0,"8":0,"9":0,"10":0,"11":0,"12":1},"f":{"0":0,"1":0,"2":0},"b":{"0":[0,0],"1":[0,0],"2":[0,0],"3":[0,0]},"_coverageSchema":"1a1c01bbd47fc00a2c39e90264f33305004495a9","hash":"341cce8437b4e0fc7a8faea3ff2bb7e7769fe0d0"}
,"/Users/lulu/Documents/GitHub/travel-bug/travel_bug/app/screens/EmergencyPage.js": {"path":"/Users/lulu/Documents/GitHub/travel-bug/travel_bug/app/screens/EmergencyPage.js","statementMap":{"0":{"start":{"line":19,"column":41},"end":{"line":19,"column":59}},"1":{"start":{"line":20,"column":42},"end":{"line":20,"column":63}},"2":{"start":{"line":22,"column":2},"end":{"line":95,"column":4}},"3":{"start":{"line":68,"column":27},"end":{"line":68,"column":48}},"4":{"start":{"line":79,"column":40},"end":{"line":79,"column":58}},"5":{"start":{"line":86,"column":35},"end":{"line":86,"column":57}},"6":{"start":{"line":98,"column":15},"end":{"line":177,"column":2}}},"fnMap":{"0":{"name":"EmergencyPage","decl":{"start":{"line":18,"column":9},"end":{"line":18,"column":22}},"loc":{"start":{"line":18,"column":30},"end":{"line":96,"column":1}},"line":18},"1":{"name":"(anonymous_1)","decl":{"start":{"line":68,"column":21},"end":{"line":68,"column":22}},"loc":{"start":{"line":68,"column":27},"end":{"line":68,"column":48}},"line":68},"2":{"name":"(anonymous_2)","decl":{"start":{"line":79,"column":32},"end":{"line":79,"column":33}},"loc":{"start":{"line":79,"column":40},"end":{"line":79,"column":58}},"line":79},"3":{"name":"(anonymous_3)","decl":{"start":{"line":86,"column":29},"end":{"line":86,"column":30}},"loc":{"start":{"line":86,"column":35},"end":{"line":86,"column":57}},"line":86}},"branchMap":{},"s":{"0":2,"1":2,"2":2,"3":4,"4":0,"5":0,"6":2},"f":{"0":2,"1":4,"2":0,"3":0},"b":{},"_coverageSchema":"1a1c01bbd47fc00a2c39e90264f33305004495a9","hash":"df85e7acc10b3e627a9bdd9938f4f60936e3bb7e"}
,"/Users/lulu/Documents/GitHub/travel-bug/travel_bug/app/screens/Itinerary.js": {"path":"/Users/lulu/Documents/GitHub/travel-bug/travel_bug/app/screens/Itinerary.js","statementMap":{"0":{"start":{"line":6,"column":18},"end":{"line":45,"column":1}},"1":{"start":{"line":7,"column":15},"end":{"line":20,"column":3}},"2":{"start":{"line":21,"column":13},"end":{"line":21,"column":33}},"3":{"start":{"line":22,"column":14},"end":{"line":22,"column":43}},"4":{"start":{"line":23,"column":13},"end":{"line":23,"column":37}},"5":{"start":{"line":24,"column":2},"end":{"line":44,"column":4}},"6":{"start":{"line":47,"column":15},"end":{"line":54,"column":2}}},"fnMap":{"0":{"name":"(anonymous_0)","decl":{"start":{"line":6,"column":18},"end":{"line":6,"column":19}},"loc":{"start":{"line":6,"column":27},"end":{"line":45,"column":1}},"line":6}},"branchMap":{},"s":{"0":2,"1":1,"2":1,"3":1,"4":1,"5":1,"6":2},"f":{"0":1},"b":{},"_coverageSchema":"1a1c01bbd47fc00a2c39e90264f33305004495a9","hash":"5238d15918160da5dc87df319ca676544844fe97"}
,"/Users/lulu/Documents/GitHub/travel-bug/travel_bug/app/screens/Messages.js": {"path":"/Users/lulu/Documents/GitHub/travel-bug/travel_bug/app/screens/Messages.js","statementMap":{"0":{"start":{"line":14,"column":15},"end":{"line":14,"column":42}},"1":{"start":{"line":17,"column":40},"end":{"line":17,"column":52}},"2":{"start":{"line":18,"column":42},"end":{"line":18,"column":54}},"3":{"start":{"line":19,"column":40},"end":{"line":19,"column":60}},"4":{"start":{"line":22,"column":2},"end":{"line":28,"column":21}},"5":{"start":{"line":23,"column":4},"end":{"line":26,"column":7}},"6":{"start":{"line":24,"column":6},"end":{"line":24,"column":46}},"7":{"start":{"line":27,"column":4},"end":{"line":27,"column":33}},"8":{"start":{"line":30,"column":17},"end":{"line":30,"column":25}},"9":{"start":{"line":33,"column":17},"end":{"line":33,"column":27}},"10":{"start":{"line":34,"column":26},"end":{"line":34,"column":50}},"11":{"start":{"line":35,"column":4},"end":{"line":39,"column":7}},"12":{"start":{"line":40,"column":4},"end":{"line":40,"column":23}},"13":{"start":{"line":41,"column":4},"end":{"line":41,"column":33}},"14":{"start":{"line":44,"column":18},"end":{"line":49,"column":3}},"15":{"start":{"line":45,"column":20},"end":{"line":45,"column":63}},"16":{"start":{"line":46,"column":17},"end":{"line":46,"column":32}},"17":{"start":{"line":47,"column":4},"end":{"line":47,"column":23}},"18":{"start":{"line":48,"column":4},"end":{"line":48,"column":29}},"19":{"start":{"line":51,"column":2},"end":{"line":84,"column":4}},"20":{"start":{"line":55,"column":10},"end":{"line":60,"column":12}},"21":{"start":{"line":69,"column":35},"end":{"line":69,"column":58}},"22":{"start":{"line":87,"column":15},"end":{"line":136,"column":2}},"23":{"start":{"line":138,"column":25},"end":{"line":146,"column":1}},"24":{"start":{"line":139,"column":2},"end":{"line":145,"column":9}}},"fnMap":{"0":{"name":"Messages","decl":{"start":{"line":16,"column":24},"end":{"line":16,"column":32}},"loc":{"start":{"line":16,"column":35},"end":{"line":85,"column":1}},"line":16},"1":{"name":"(anonymous_1)","decl":{"start":{"line":22,"column":12},"end":{"line":22,"column":13}},"loc":{"start":{"line":22,"column":18},"end":{"line":28,"column":3}},"line":22},"2":{"name":"(anonymous_2)","decl":{"start":{"line":23,"column":30},"end":{"line":23,"column":31}},"loc":{"start":{"line":23,"column":37},"end":{"line":26,"column":5}},"line":23},"3":{"name":"submitMessage","decl":{"start":{"line":32,"column":11},"end":{"line":32,"column":24}},"loc":{"start":{"line":32,"column":27},"end":{"line":42,"column":3}},"line":32},"4":{"name":"(anonymous_4)","decl":{"start":{"line":44,"column":18},"end":{"line":44,"column":19}},"loc":{"start":{"line":44,"column":26},"end":{"line":49,"column":3}},"line":44},"5":{"name":"(anonymous_5)","decl":{"start":{"line":54,"column":26},"end":{"line":54,"column":27}},"loc":{"start":{"line":55,"column":10},"end":{"line":60,"column":12}},"line":55},"6":{"name":"(anonymous_6)","decl":{"start":{"line":69,"column":24},"end":{"line":69,"column":25}},"loc":{"start":{"line":69,"column":35},"end":{"line":69,"column":58}},"line":69},"7":{"name":"(anonymous_7)","decl":{"start":{"line":138,"column":25},"end":{"line":138,"column":26}},"loc":{"start":{"line":139,"column":2},"end":{"line":145,"column":9}},"line":139}},"branchMap":{"0":{"loc":{"start":{"line":64,"column":18},"end":{"line":64,"column":62}},"type":"cond-expr","locations":[{"start":{"line":64,"column":42},"end":{"line":64,"column":51}},{"start":{"line":64,"column":54},"end":{"line":64,"column":62}}],"line":64}},"s":{"0":1,"1":0,"2":0,"3":0,"4":0,"5":0,"6":0,"7":0,"8":0,"9":0,"10":0,"11":0,"12":0,"13":0,"14":0,"15":0,"16":0,"17":0,"18":0,"19":0,"20":0,"21":0,"22":1,"23":1,"24":0},"f":{"0":0,"1":0,"2":0,"3":0,"4":0,"5":0,"6":0,"7":0},"b":{"0":[0,0]},"_coverageSchema":"1a1c01bbd47fc00a2c39e90264f33305004495a9","hash":"d3f67315553e58c6e231785854411b77a46215c4"}
,"/Users/lulu/Documents/GitHub/travel-bug/travel_bug/app/screens/assets/rome.jpg": {"path":"/Users/lulu/Documents/GitHub/travel-bug/travel_bug/app/screens/assets/rome.jpg","statementMap":{"0":{"start":{"line":1,"column":0},"end":{"line":4,"column":6}}},"fnMap":{},"branchMap":{},"s":{"0":2},"f":{},"b":{},"inputSourceMap":null,"_coverageSchema":"1a1c01bbd47fc00a2c39e90264f33305004495a9","hash":"3444151a1955918ddc272d37ad3e72a43108d08a"}
,"/Users/lulu/Documents/GitHub/travel-bug/travel_bug/app/screens/components/Calendar.js": {"path":"/Users/lulu/Documents/GitHub/travel-bug/travel_bug/app/screens/components/Calendar.js","statementMap":{"0":{"start":{"line":9,"column":44},"end":{"line":9,"column":59}},"1":{"start":{"line":11,"column":22},"end":{"line":13,"column":3}},"2":{"start":{"line":12,"column":4},"end":{"line":12,"column":37}},"3":{"start":{"line":14,"column":2},"end":{"line":37,"column":4}},"4":{"start":{"line":40,"column":15},"end":{"line":55,"column":2}}},"fnMap":{"0":{"name":"Calendar","decl":{"start":{"line":8,"column":24},"end":{"line":8,"column":32}},"loc":{"start":{"line":8,"column":35},"end":{"line":38,"column":1}},"line":8},"1":{"name":"(anonymous_1)","decl":{"start":{"line":11,"column":22},"end":{"line":11,"column":23}},"loc":{"start":{"line":11,"column":28},"end":{"line":13,"column":3}},"line":11},"2":{"name":"(anonymous_2)","decl":{"start":{"line":16,"column":35},"end":{"line":16,"column":36}},"loc":{"start":{"line":16,"column":41},"end":{"line":16,"column":43}},"line":16}},"branchMap":{},"s":{"0":1,"1":1,"2":0,"3":1,"4":2},"f":{"0":1,"1":0,"2":0},"b":{},"_coverageSchema":"1a1c01bbd47fc00a2c39e90264f33305004495a9","hash":"37789bf9d3a7f40a88c9011a73c85a6eb6ee4b26"}
,"/Users/lulu/Documents/GitHub/travel-bug/travel_bug/app/screens/components/Cards.js": {"path":"/Users/lulu/Documents/GitHub/travel-bug/travel_bug/app/screens/components/Cards.js","statementMap":{"0":{"start":{"line":7,"column":2},"end":{"line":25,"column":4}},"1":{"start":{"line":28,"column":13},"end":{"line":48,"column":1}},"2":{"start":{"line":29,"column":2},"end":{"line":47,"column":4}},"3":{"start":{"line":50,"column":15},"end":{"line":83,"column":2}}},"fnMap":{"0":{"name":"CardDetails","decl":{"start":{"line":6,"column":24},"end":{"line":6,"column":35}},"loc":{"start":{"line":6,"column":38},"end":{"line":26,"column":1}},"line":6},"1":{"name":"(anonymous_1)","decl":{"start":{"line":28,"column":13},"end":{"line":28,"column":14}},"loc":{"start":{"line":28,"column":19},"end":{"line":48,"column":1}},"line":28}},"branchMap":{},"s":{"0":7,"1":3,"2":7,"3":3},"f":{"0":7,"1":7},"b":{},"_coverageSchema":"1a1c01bbd47fc00a2c39e90264f33305004495a9","hash":"a9a31a3242142f1862e090a7e0d9645dd5da5220"}
,"/Users/lulu/Documents/GitHub/travel-bug/travel_bug/app/screens/maps/PopUpFromMap.js": {"path":"/Users/lulu/Documents/GitHub/travel-bug/travel_bug/app/screens/maps/PopUpFromMap.js","statementMap":{"0":{"start":{"line":6,"column":15},"end":{"line":44,"column":2}},"1":{"start":{"line":47,"column":2},"end":{"line":87,"column":4}},"2":{"start":{"line":49,"column":44},"end":{"line":49,"column":59}},"3":{"start":{"line":71,"column":33},"end":{"line":71,"column":48}},"4":{"start":{"line":79,"column":33},"end":{"line":79,"column":48}}},"fnMap":{"0":{"name":"PopUpFromMap","decl":{"start":{"line":46,"column":9},"end":{"line":46,"column":21}},"loc":{"start":{"line":46,"column":64},"end":{"line":88,"column":1}},"line":46},"1":{"name":"(anonymous_1)","decl":{"start":{"line":49,"column":38},"end":{"line":49,"column":39}},"loc":{"start":{"line":49,"column":44},"end":{"line":49,"column":59}},"line":49},"2":{"name":"(anonymous_2)","decl":{"start":{"line":71,"column":27},"end":{"line":71,"column":28}},"loc":{"start":{"line":71,"column":33},"end":{"line":71,"column":48}},"line":71},"3":{"name":"(anonymous_3)","decl":{"start":{"line":79,"column":27},"end":{"line":79,"column":28}},"loc":{"start":{"line":79,"column":33},"end":{"line":79,"column":48}},"line":79}},"branchMap":{},"s":{"0":1,"1":0,"2":0,"3":0,"4":0},"f":{"0":0,"1":0,"2":0,"3":0},"b":{},"_coverageSchema":"1a1c01bbd47fc00a2c39e90264f33305004495a9","hash":"b24f023ca2b80a05d7cff420df5e89daecbbb3e0"}
,"/Users/lulu/Documents/GitHub/travel-bug/travel_bug/app/screens/maps/SearchAutoComplete.js": {"path":"/Users/lulu/Documents/GitHub/travel-bug/travel_bug/app/screens/maps/SearchAutoComplete.js","statementMap":{"0":{"start":{"line":19,"column":20},"end":{"line":19,"column":143}},"1":{"start":{"line":21,"column":15},"end":{"line":21,"column":25}},"2":{"start":{"line":22,"column":20},"end":{"line":22,"column":117}},"3":{"start":{"line":23,"column":20},"end":{"line":23,"column":106}},"4":{"start":{"line":24,"column":19},"end":{"line":24,"column":106}},"5":{"start":{"line":25,"column":15},"end":{"line":25,"column":108}},"6":{"start":{"line":28,"column":2},"end":{"line":83,"column":4}},"7":{"start":{"line":36,"column":32},"end":{"line":36,"column":47}},"8":{"start":{"line":38,"column":8},"end":{"line":38,"column":52}},"9":{"start":{"line":39,"column":8},"end":{"line":39,"column":53}},"10":{"start":{"line":41,"column":29},"end":{"line":41,"column":31}}},"fnMap":{"0":{"name":"SearchAutoComplete","decl":{"start":{"line":7,"column":9},"end":{"line":7,"column":27}},"loc":{"start":{"line":18,"column":3},"end":{"line":84,"column":1}},"line":18},"1":{"name":"(anonymous_1)","decl":{"start":{"line":36,"column":25},"end":{"line":36,"column":26}},"loc":{"start":{"line":36,"column":32},"end":{"line":36,"column":47}},"line":36},"2":{"name":"(anonymous_2)","decl":{"start":{"line":37,"column":15},"end":{"line":37,"column":16}},"loc":{"start":{"line":37,"column":34},"end":{"line":40,"column":7}},"line":37},"3":{"name":"(anonymous_3)","decl":{"start":{"line":41,"column":23},"end":{"line":41,"column":24}},"loc":{"start":{"line":41,"column":29},"end":{"line":41,"column":31}},"line":41}},"branchMap":{},"s":{"0":0,"1":0,"2":0,"3":0,"4":0,"5":0,"6":0,"7":0,"8":0,"9":0,"10":0},"f":{"0":0,"1":0,"2":0,"3":0},"b":{},"_coverageSchema":"1a1c01bbd47fc00a2c39e90264f33305004495a9","hash":"4eae01c45164271f01e432ba8896b70f1593c6eb"}
,"/Users/lulu/Documents/GitHub/travel-bug/travel_bug/app/screens/maps/keyConfig.js": {"path":"/Users/lulu/Documents/GitHub/travel-bug/travel_bug/app/screens/maps/keyConfig.js","statementMap":{"0":{"start":{"line":1,"column":12},"end":{"line":1,"column":53}}},"fnMap":{},"branchMap":{},"s":{"0":1},"f":{},"b":{},"_coverageSchema":"1a1c01bbd47fc00a2c39e90264f33305004495a9","hash":"bed90379671d2faf1008314724b3f3b8bb70c925"}
,"/Users/lulu/Documents/GitHub/travel-bug/travel_bug/app/screens/maps/mapMain.js": {"path":"/Users/lulu/Documents/GitHub/travel-bug/travel_bug/app/screens/maps/mapMain.js","statementMap":{"0":{"start":{"line":7,"column":15},"end":{"line":11,"column":2}},"1":{"start":{"line":12,"column":16},"end":{"line":85,"column":1}},"2":{"start":{"line":13,"column":32},"end":{"line":13,"column":47}},"3":{"start":{"line":14,"column":38},"end":{"line":14,"column":48}},"4":{"start":{"line":15,"column":38},"end":{"line":15,"column":55}},"5":{"start":{"line":16,"column":40},"end":{"line":16,"column":57}},"6":{"start":{"line":17,"column":36},"end":{"line":17,"column":46}},"7":{"start":{"line":18,"column":38},"end":{"line":18,"column":48}},"8":{"start":{"line":19,"column":42},"end":{"line":19,"column":54}},"9":{"start":{"line":21,"column":24},"end":{"line":23,"column":3}},"10":{"start":{"line":22,"column":4},"end":{"line":22,"column":25}},"11":{"start":{"line":25,"column":2},"end":{"line":84,"column":4}},"12":{"start":{"line":49,"column":10},"end":{"line":72,"column":19}},"13":{"start":{"line":51,"column":14},"end":{"line":51,"column":37}},"14":{"start":{"line":52,"column":14},"end":{"line":52,"column":44}},"15":{"start":{"line":53,"column":14},"end":{"line":53,"column":46}},"16":{"start":{"line":54,"column":14},"end":{"line":54,"column":35}},"17":{"start":{"line":89,"column":30},"end":{"line":117,"column":1}}},"fnMap":{"0":{"name":"(anonymous_0)","decl":{"start":{"line":12,"column":16},"end":{"line":12,"column":17}},"loc":{"start":{"line":12,"column":22},"end":{"line":85,"column":1}},"line":12},"1":{"name":"(anonymous_1)","decl":{"start":{"line":21,"column":24},"end":{"line":21,"column":25}},"loc":{"start":{"line":21,"column":30},"end":{"line":23,"column":3}},"line":21},"2":{"name":"(anonymous_2)","decl":{"start":{"line":48,"column":35},"end":{"line":48,"column":36}},"loc":{"start":{"line":49,"column":10},"end":{"line":72,"column":19}},"line":49},"3":{"name":"(anonymous_3)","decl":{"start":{"line":50,"column":21},"end":{"line":50,"column":22}},"loc":{"start":{"line":50,"column":27},"end":{"line":55,"column":13}},"line":50}},"branchMap":{"0":{"loc":{"start":{"line":74,"column":9},"end":{"line":81,"column":16}},"type":"cond-expr","locations":[{"start":{"line":75,"column":10},"end":{"line":80,"column":12}},{"start":{"line":81,"column":12},"end":{"line":81,"column":16}}],"line":74},"1":{"loc":{"start":{"line":74,"column":9},"end":{"line":74,"column":32}},"type":"binary-expr","locations":[{"start":{"line":74,"column":9},"end":{"line":74,"column":18}},{"start":{"line":74,"column":22},"end":{"line":74,"column":32}}],"line":74}},"s":{"0":1,"1":1,"2":0,"3":0,"4":0,"5":0,"6":0,"7":0,"8":0,"9":0,"10":0,"11":0,"12":0,"13":0,"14":0,"15":0,"16":0,"17":1},"f":{"0":0,"1":0,"2":0,"3":0},"b":{"0":[0,0],"1":[0,0]},"_coverageSchema":"1a1c01bbd47fc00a2c39e90264f33305004495a9","hash":"109ec8f76a009ceccce24a4b3ae09b7c1c6d0544"}
}
