TN:
SF:app/App.js
FN:4,(anonymous_0)
FNF:1
FNH:1
FNDA:1,(anonymous_0)
DA:4,1
DA:5,1
LF:2
LH:2
BRF:0
BRH:0
end_of_record
TN:
SF:app/Routes.js
FN:31,(anonymous_0)
FN:42,(anonymous_1)
FN:48,(anonymous_2)
FN:56,(anonymous_3)
FN:67,(anonymous_4)
FN:75,(anonymous_5)
FN:79,(anonymous_6)
FN:82,(anonymous_7)
FN:89,(anonymous_8)
FNF:9
FNH:1
FNDA:0,(anonymous_0)
FNDA:0,(anonymous_1)
FNDA:0,(anonymous_2)
FNDA:0,(anonymous_3)
FNDA:0,(anonymous_4)
FNDA:1,(anonymous_5)
FNDA:0,(anonymous_6)
FNDA:0,(anonymous_7)
FNDA:0,(anonymous_8)
DA:13,1
DA:31,1
DA:32,0
DA:43,0
DA:49,0
DA:56,1
DA:57,0
DA:68,0
DA:75,1
DA:76,1
DA:77,1
DA:79,1
DA:81,0
DA:83,0
DA:85,0
DA:87,0
DA:90,0
DA:94,1
DA:95,1
DA:107,0
LF:20
LH:9
BRDA:83,0,0,0
BRDA:83,0,1,0
BRDA:94,1,0,1
BRDA:94,1,1,0
BRF:4
BRH:1
end_of_record
TN:
SF:app/screens/AppTabs.js
FN:16,(anonymous_0)
FN:20,(anonymous_1)
FN:21,(anonymous_2)
FNF:3
FNH:0
FNDA:0,(anonymous_0)
FNDA:0,(anonymous_1)
FNDA:0,(anonymous_2)
DA:12,1
DA:16,1
DA:17,0
DA:20,0
DA:22,0
DA:23,0
DA:32,0
DA:33,0
DA:42,0
DA:43,0
DA:52,0
DA:53,0
DA:73,1
LF:13
LH:3
BRDA:22,0,0,0
BRDA:22,0,1,0
BRDA:32,1,0,0
BRDA:32,1,1,0
BRDA:42,2,0,0
BRDA:42,2,1,0
BRDA:52,3,0,0
BRDA:52,3,1,0
BRF:8
BRH:0
end_of_record
TN:
SF:app/screens/EmergencyPage.js
FN:18,EmergencyPage
FN:68,(anonymous_1)
FN:79,(anonymous_2)
FN:86,(anonymous_3)
FNF:4
FNH:2
FNDA:2,EmergencyPage
FNDA:4,(anonymous_1)
FNDA:0,(anonymous_2)
FNDA:0,(anonymous_3)
DA:19,2
DA:20,2
DA:22,2
DA:68,4
DA:79,0
DA:86,0
DA:98,2
LF:7
LH:5
BRF:0
BRH:0
end_of_record
TN:
SF:app/screens/Itinerary.js
FN:6,(anonymous_0)
FNF:1
FNH:1
FNDA:1,(anonymous_0)
DA:6,2
DA:7,1
DA:21,1
DA:22,1
DA:23,1
DA:24,1
DA:47,2
LF:7
LH:7
BRF:0
BRH:0
end_of_record
TN:
SF:app/screens/Messages.js
FN:16,Messages
FN:22,(anonymous_1)
FN:23,(anonymous_2)
FN:32,submitMessage
FN:44,(anonymous_4)
FN:54,(anonymous_5)
FN:69,(anonymous_6)
FN:138,(anonymous_7)
FNF:8
FNH:0
FNDA:0,Messages
FNDA:0,(anonymous_1)
FNDA:0,(anonymous_2)
FNDA:0,submitMessage
FNDA:0,(anonymous_4)
FNDA:0,(anonymous_5)
FNDA:0,(anonymous_6)
FNDA:0,(anonymous_7)
DA:14,1
DA:17,0
DA:18,0
DA:19,0
DA:22,0
DA:23,0
DA:24,0
DA:27,0
DA:30,0
DA:33,0
DA:34,0
DA:35,0
DA:40,0
DA:41,0
DA:44,0
DA:45,0
DA:46,0
DA:47,0
DA:48,0
DA:51,0
DA:55,0
DA:69,0
DA:87,1
DA:138,1
DA:139,0
LF:25
LH:3
BRDA:64,0,0,0
BRDA:64,0,1,0
BRF:2
BRH:0
end_of_record
TN:
SF:app/screens/assets/rome.jpg
FNF:0
FNH:0
DA:1,2
LF:1
LH:1
BRF:0
BRH:0
end_of_record
TN:
SF:app/screens/components/Calendar.js
FN:8,Calendar
FN:11,(anonymous_1)
FN:16,(anonymous_2)
FNF:3
FNH:1
FNDA:1,Calendar
FNDA:0,(anonymous_1)
FNDA:0,(anonymous_2)
DA:9,1
DA:11,1
DA:12,0
DA:14,1
DA:40,2
LF:5
LH:4
BRF:0
BRH:0
end_of_record
TN:
SF:app/screens/components/Cards.js
FN:6,CardDetails
FN:28,(anonymous_1)
FNF:2
FNH:2
FNDA:7,CardDetails
FNDA:7,(anonymous_1)
DA:7,7
DA:28,3
DA:29,7
DA:50,3
LF:4
LH:4
BRF:0
BRH:0
end_of_record
TN:
SF:app/screens/maps/PopUpFromMap.js
FN:46,PopUpFromMap
FN:49,(anonymous_1)
FN:71,(anonymous_2)
FN:79,(anonymous_3)
FNF:4
FNH:0
FNDA:0,PopUpFromMap
FNDA:0,(anonymous_1)
FNDA:0,(anonymous_2)
FNDA:0,(anonymous_3)
DA:6,1
DA:47,0
DA:49,0
DA:71,0
DA:79,0
LF:5
LH:1
BRF:0
BRH:0
end_of_record
TN:
SF:app/screens/maps/SearchAutoComplete.js
FN:7,SearchAutoComplete
FN:36,(anonymous_1)
FN:37,(anonymous_2)
FN:41,(anonymous_3)
FNF:4
FNH:0
FNDA:0,SearchAutoComplete
FNDA:0,(anonymous_1)
FNDA:0,(anonymous_2)
FNDA:0,(anonymous_3)
DA:19,0
DA:21,0
DA:22,0
DA:23,0
DA:24,0
DA:25,0
DA:28,0
DA:36,0
DA:38,0
DA:39,0
DA:41,0
LF:11
LH:0
BRF:0
BRH:0
end_of_record
TN:
SF:app/screens/maps/keyConfig.js
FNF:0
FNH:0
DA:1,1
LF:1
LH:1
BRF:0
BRH:0
end_of_record
TN:
SF:app/screens/maps/mapMain.js
FN:12,(anonymous_0)
FN:21,(anonymous_1)
FN:48,(anonymous_2)
FN:50,(anonymous_3)
FNF:4
FNH:0
FNDA:0,(anonymous_0)
FNDA:0,(anonymous_1)
FNDA:0,(anonymous_2)
FNDA:0,(anonymous_3)
DA:7,1
DA:12,1
DA:13,0
DA:14,0
DA:15,0
DA:16,0
DA:17,0
DA:18,0
DA:19,0
DA:21,0
DA:22,0
DA:25,0
DA:49,0
DA:51,0
DA:52,0
DA:53,0
DA:54,0
DA:89,1
LF:18
LH:3
BRDA:74,0,0,0
BRDA:74,0,1,0
BRDA:74,1,0,0
BRDA:74,1,1,0
BRF:4
BRH:0
end_of_record
